# JRE version: Java(TM) SE Runtime Environment (21.0.1+12) (build 21.0.1+12-LTS-29)
# Java VM: Java HotSpot(TM) 64-Bit Server VM (21.0.1+12-LTS-29, mixed mode, sharing, tiered, compressed oops, compressed class ptrs, g1 gc, windows-amd64)
GC Precious Log:
 CardTable entry size: 512
 Card Set container configuration: InlinePtr #cards 5 size 8 Array Of Cards #cards 12 size 40 Howl #buckets 4 coarsen threshold 1843 Howl Bitmap #cards 512 size 80 coarsen threshold 460 Card regions per heap region 1 cards per card region 2048
 CPUs: 8 total, 8 available
 Memory: 16262M
 Large Page Support: Disabled
 NUMA Support: Disabled
 Compressed Oops: Enabled (32-bit)
 Heap Region Size: 1M
 Heap Min Capacity: 8M
 Heap Initial Capacity: 256M
 Heap Max Capacity: 2G
 Pre-touch: Disabled
 Parallel Workers: 8
 Concurrent Workers: 2
 Concurrent Refinement Workers: 8
 Periodic GC: Disabled
Heap:
 garbage-first heap   total 184320K, used 120355K [0x0000000080000000, 0x0000000100000000)
  region size 1024K, 17 young (17408K), 5 survivors (5120K)
 Metaspace       used 99029K, committed 101248K, reserved 1179648K
  class space    used 13921K, committed 14976K, reserved 1048576K
GC Heap History (20 events):
Event: 88.281 GC heap before
{Heap before GC invocations=24 (full 0):
 garbage-first heap   total 133120K, used 119038K [0x0000000080000000, 0x0000000100000000)
  region size 1024K, 39 young (39936K), 6 survivors (6144K)
 Metaspace       used 76688K, committed 78528K, reserved 1179648K
  class space    used 10590K, committed 11520K, reserved 1048576K
}
Event: 88.289 GC heap after
{Heap after GC invocations=25 (full 0):
 garbage-first heap   total 133120K, used 87990K [0x0000000080000000, 0x0000000100000000)
  region size 1024K, 5 young (5120K), 5 survivors (5120K)
 Metaspace       used 76688K, committed 78528K, reserved 1179648K
  class space    used 10590K, committed 11520K, reserved 1048576K
}
Event: 89.395 GC heap before
{Heap before GC invocations=26 (full 0):
 garbage-first heap   total 150528K, used 118710K [0x0000000080000000, 0x0000000100000000)
  region size 1024K, 36 young (36864K), 5 survivors (5120K)
 Metaspace       used 77297K, committed 79232K, reserved 1179648K
  class space    used 10669K, committed 11648K, reserved 1048576K
}
Event: 89.406 GC heap after
{Heap after GC invocations=27 (full 0):
 garbage-first heap   total 150528K, used 91014K [0x0000000080000000, 0x0000000100000000)
  region size 1024K, 4 young (4096K), 4 survivors (4096K)
 Metaspace       used 77297K, committed 79232K, reserved 1179648K
  class space    used 10669K, committed 11648K, reserved 1048576K
}
Event: 91.791 GC heap before
{Heap before GC invocations=27 (full 0):
 garbage-first heap   total 150528K, used 135046K [0x0000000080000000, 0x0000000100000000)
  region size 1024K, 47 young (48128K), 4 survivors (4096K)
 Metaspace       used 80731K, committed 82624K, reserved 1179648K
  class space    used 11198K, committed 12160K, reserved 1048576K
}
Event: 91.798 GC heap after
{Heap after GC invocations=28 (full 0):
 garbage-first heap   total 150528K, used 87824K [0x0000000080000000, 0x0000000100000000)
  region size 1024K, 2 young (2048K), 2 survivors (2048K)
 Metaspace       used 80731K, committed 82624K, reserved 1179648K
  class space    used 11198K, committed 12160K, reserved 1048576K
}
Event: 93.953 GC heap before
{Heap before GC invocations=28 (full 0):
 garbage-first heap   total 150528K, used 135952K [0x0000000080000000, 0x0000000100000000)
  region size 1024K, 49 young (50176K), 2 survivors (2048K)
 Metaspace       used 84670K, committed 86784K, reserved 1179648K
  class space    used 11875K, committed 12928K, reserved 1048576K
}
Event: 93.957 GC heap after
{Heap after GC invocations=29 (full 0):
 garbage-first heap   total 150528K, used 89794K [0x0000000080000000, 0x0000000100000000)
  region size 1024K, 4 young (4096K), 4 survivors (4096K)
 Metaspace       used 84670K, committed 86784K, reserved 1179648K
  class space    used 11875K, committed 12928K, reserved 1048576K
}
Event: 95.135 GC heap before
{Heap before GC invocations=30 (full 0):
 garbage-first heap   total 155648K, used 136898K [0x0000000080000000, 0x0000000100000000)
  region size 1024K, 50 young (51200K), 4 survivors (4096K)
 Metaspace       used 88034K, committed 90112K, reserved 1179648K
  class space    used 12381K, committed 13440K, reserved 1048576K
}
Event: 95.142 GC heap after
{Heap after GC invocations=31 (full 0):
 garbage-first heap   total 155648K, used 92276K [0x0000000080000000, 0x0000000100000000)
  region size 1024K, 5 young (5120K), 5 survivors (5120K)
 Metaspace       used 88034K, committed 90112K, reserved 1179648K
  class space    used 12381K, committed 13440K, reserved 1048576K
}
Event: 96.385 GC heap before
{Heap before GC invocations=31 (full 0):
 garbage-first heap   total 155648K, used 140404K [0x0000000080000000, 0x0000000100000000)
  region size 1024K, 52 young (53248K), 5 survivors (5120K)
 Metaspace       used 91676K, committed 93824K, reserved 1179648K
  class space    used 12931K, committed 13952K, reserved 1048576K
}
Event: 96.395 GC heap after
{Heap after GC invocations=32 (full 0):
 garbage-first heap   total 155648K, used 93853K [0x0000000080000000, 0x0000000100000000)
  region size 1024K, 6 young (6144K), 6 survivors (6144K)
 Metaspace       used 91676K, committed 93824K, reserved 1179648K
  class space    used 12931K, committed 13952K, reserved 1048576K
}
Event: 97.510 GC heap before
{Heap before GC invocations=32 (full 0):
 garbage-first heap   total 155648K, used 137885K [0x0000000080000000, 0x0000000100000000)
  region size 1024K, 50 young (51200K), 6 survivors (6144K)
 Metaspace       used 95259K, committed 97408K, reserved 1179648K
  class space    used 13368K, committed 14464K, reserved 1048576K
}
Event: 97.521 GC heap after
{Heap after GC invocations=33 (full 0):
 garbage-first heap   total 155648K, used 97686K [0x0000000080000000, 0x0000000100000000)
  region size 1024K, 7 young (7168K), 7 survivors (7168K)
 Metaspace       used 95259K, committed 97408K, reserved 1179648K
  class space    used 13368K, committed 14464K, reserved 1048576K
}
Event: 103.759 GC heap before
{Heap before GC invocations=34 (full 0):
 garbage-first heap   total 171008K, used 137622K [0x0000000080000000, 0x0000000100000000)
  region size 1024K, 47 young (48128K), 7 survivors (7168K)
 Metaspace       used 97711K, committed 99904K, reserved 1179648K
  class space    used 13729K, committed 14848K, reserved 1048576K
}
Event: 103.771 GC heap after
{Heap after GC invocations=35 (full 0):
 garbage-first heap   total 171008K, used 102902K [0x0000000080000000, 0x0000000100000000)
  region size 1024K, 6 young (6144K), 6 survivors (6144K)
 Metaspace       used 97711K, committed 99904K, reserved 1179648K
  class space    used 13729K, committed 14848K, reserved 1048576K
}
Event: 104.884 GC heap before
{Heap before GC invocations=35 (full 0):
 garbage-first heap   total 171008K, used 153078K [0x0000000080000000, 0x0000000100000000)
  region size 1024K, 56 young (57344K), 6 survivors (6144K)
 Metaspace       used 97955K, committed 100160K, reserved 1179648K
  class space    used 13735K, committed 14848K, reserved 1048576K
}
Event: 104.895 GC heap after
{Heap after GC invocations=36 (full 0):
 garbage-first heap   total 171008K, used 106952K [0x0000000080000000, 0x0000000100000000)
  region size 1024K, 5 young (5120K), 5 survivors (5120K)
 Metaspace       used 97955K, committed 100160K, reserved 1179648K
  class space    used 13735K, committed 14848K, reserved 1048576K
}
Event: 107.664 GC heap before
{Heap before GC invocations=36 (full 0):
 garbage-first heap   total 171008K, used 155080K [0x0000000080000000, 0x0000000100000000)
  region size 1024K, 53 young (54272K), 5 survivors (5120K)
 Metaspace       used 98528K, committed 100736K, reserved 1179648K
  class space    used 13823K, committed 14912K, reserved 1048576K
}
Event: 107.668 GC heap after
{Heap after GC invocations=37 (full 0):
 garbage-first heap   total 171008K, used 109091K [0x0000000080000000, 0x0000000100000000)
  region size 1024K, 5 young (5120K), 5 survivors (5120K)
 Metaspace       used 98528K, committed 100736K, reserved 1179648K
  class space    used 13823K, committed 14912K, reserved 1048576K
}

